<?xml version="1.0" encoding="UTF-8"?>
<!-- Generated by org.testng.reporters.JUnitXMLReporter -->
<testsuite ignored="0" hostname="DESKTOP-DAMB4Q8" failures="0" tests="6" name="ChromeTest" time="76.723" errors="0" timestamp="2022-05-30T11:31:52 IST">
  <testcase classname="testclass.VerifyHeader" name="checklogin" time="0.056"/>
  <testcase classname="testclass.ActitimeLoginTestClass" name="checklogin" time="1.847"/>
  <testcase classname="testclass.BugFixingWindowVerify" name="verifybugfixing" time="14.014"/>
  <testcase classname="testclass.VerifyHeader" name="verifytasktab" time="2.897"/>
  <testcase classname="testclass.VerifyHeader" name="verifyreportstab" time="5.118"/>
  <testcase classname="testclass.VerifyHeader" name="verifyuserstab" time="3.632"/>
</testsuite> <!-- ChromeTest -->
